Cover 1: [432, 113, 436, 118, 41, 457, 415, 239]
Cover 2: [290, 370, 19, 67, 389, 72, 443, 299, 14]
Cover 3: [388, 183, 57, 73, 154, 237]
Cover 4: [48, 321, 194, 35, 276, 103, 137, 204, 77, 397, 446, 367]
Cover 5: [480, 353, 65, 259, 356, 423, 232, 264, 10, 331, 463, 434, 405, 471, 119, 410, 379, 412, 124, 478]
Cover 6: [32, 455, 74, 366, 175, 368, 152, 444, 157, 254, 447]
Cover 7: [0, 448, 200, 424, 360, 361, 393, 84, 117, 219, 29]
Cover 8: [288, 260, 297, 207, 309, 282, 350, 191]
Cover 9: [195, 452, 164, 229, 40, 272, 83, 403, 213, 54, 473, 346, 186, 27]
Cover 10: [224, 450, 5, 485, 165, 233, 426, 269, 430, 494, 462, 495, 176, 147, 342, 151, 408, 344, 377, 90, 122, 475, 284, 382]
Cover 11: [322, 451, 421, 203, 335, 182, 409, 283, 347, 91, 381, 479, 159]
Cover 12: [454, 294, 231, 168, 363, 43, 141, 466, 120, 25, 249, 220, 380]
Cover 13: [161, 298, 107, 398, 497, 153, 315]
Cover 14: [98, 418, 291, 68, 263, 135, 7, 328, 395, 173, 80, 338, 51, 371]
Cover 15: [71, 490, 144, 468, 244, 314]
Cover 16: [96, 419, 325, 486, 167, 271, 246]
Cover 17: [227, 44, 492, 45, 493, 208, 112, 210, 499, 372, 180, 311, 121, 189]
Cover 18: [160, 196, 230, 47, 433, 149, 21, 184, 185, 378, 156, 318, 255, 63]
Cover 19: [225, 133, 261, 392, 429, 85, 217]
Cover 20: [193, 39, 427, 75, 341, 375, 87, 58, 474, 351]
Cover 21: [8, 333, 401, 242, 477]
Cover 22: [128, 449, 1, 355, 334, 467, 340]
Cover 23: [258, 66, 102, 327, 9, 270, 52, 277, 216, 441, 59, 286]
Cover 24: [99, 399, 211, 373, 55, 414]
Cover 25: [386, 302, 79, 111, 465, 18, 179, 343, 472, 60, 349]
Cover 26: [385, 482, 459, 407, 89]
Cover 27: [101, 268, 78, 206, 337, 50, 243, 275, 247, 440, 88, 345, 94, 319]
Cover 28: [257, 97, 354, 100, 362, 267, 428, 223]
Cover 29: [42, 142, 307, 439, 411, 252, 253, 413]
Cover 30: [106, 300, 402, 274, 22, 278, 92]
Cover 31: [256, 293, 134, 422, 488, 461, 400, 114, 250, 188, 95]
Cover 32: [484, 70, 358, 464, 435, 148, 308, 126]
Cover 33: [162, 324, 295, 171, 12, 236, 205, 15, 143, 214]
Cover 34: [289, 390, 330, 491, 172, 240, 116, 56, 376, 62]
Cover 35: [37, 197, 336, 305, 374, 317, 125, 190]
Cover 36: [34, 387, 262, 235, 17, 145, 369, 178, 53, 23, 348, 285, 383]
Cover 37: [384, 417, 391, 136, 329, 138, 266, 108, 177, 209, 404, 86, 280, 93, 221]
Cover 38: [33, 131, 3, 323, 292, 4, 199, 489, 11, 396, 460, 109, 16, 437, 150, 281, 313, 26]
Cover 39: [320, 2, 420, 6, 456, 46, 238, 304, 496, 241, 81, 245, 251, 155, 61]
Cover 40: [352, 64, 132, 139, 306, 212, 442]
Cover 41: [226, 36, 453, 487, 105, 394, 140, 469, 30, 127]
Cover 42: [192, 326, 332, 301, 174, 431, 187, 28, 445, 158, 287]
Cover 43: [416, 228, 166, 20, 406]
Cover 44: [163, 296, 365, 498, 339, 115, 438, 310, 279]
Cover 45: [129, 481, 198, 359, 76, 13, 303, 215, 248, 476]
Cover 46: [69, 425, 202, 364, 273, 181, 24]
Cover 47: [483, 38, 104, 110, 49, 146, 470, 218]
Cover 48: [169, 123, 316, 222]
