Cover 1: [177, 147, 371, 148, 366, 78]
Cover 2: [385, 54, 246, 279, 107, 11, 444, 476, 188, 93, 382]
Cover 3: [99, 419, 83, 166, 57, 267, 319]
Cover 4: [64, 354, 294, 108, 270, 206, 178, 82, 52, 247, 379, 348, 252, 31]
Cover 5: [227, 4, 424, 393, 490, 459, 141, 79, 272, 145, 248, 217, 350]
Cover 6: [449, 485, 486, 390, 103, 489, 74, 299, 364, 172, 174, 496, 369, 113, 342, 375, 408, 25, 90, 95]
Cover 7: [388, 229, 102, 326, 104, 337, 277, 309, 53, 59, 223]
Cover 8: [453, 200, 362, 492, 466, 437, 154]
Cover 9: [224, 325, 231, 263, 456, 330, 244, 477]
Cover 10: [258, 34, 163, 297, 493, 334, 80, 465, 373, 185, 121, 378]
Cover 11: [35, 131, 41, 300, 429, 398, 430, 494, 14, 175, 51, 180, 276, 20, 118, 186, 27, 189]
Cover 12: [129, 100, 70, 359, 203, 43, 44, 30]
Cover 13: [260, 132, 197, 487, 168, 173, 112, 336, 17, 338, 211, 403, 376, 313, 60]
Cover 14: [66, 167, 8, 361, 302, 111, 280, 347, 29]
Cover 15: [192, 161, 389, 42, 495, 240, 210, 86, 343, 380]
Cover 16: [480, 324, 452, 69, 71, 207, 367, 81, 243, 372, 214, 24, 123, 158, 351]
Cover 17: [420, 165, 135, 488, 236, 432, 305, 213, 21, 438, 315, 28]
Cover 18: [130, 483, 105, 431, 306, 406, 473, 251, 156, 221, 414]
Cover 19: [421, 137, 266, 304, 404, 149, 409, 318]
Cover 20: [323, 133, 363, 143]
Cover 21: [418, 482, 291, 199, 9, 12, 77, 49, 434, 85, 216, 285]
Cover 22: [5, 202, 298, 428, 497, 18, 307, 122, 415]
Cover 23: [232, 394, 140, 399, 176, 471, 312, 443, 413, 479]
Cover 24: [259, 233, 169, 139, 396, 397, 13, 238, 179, 88, 89, 282, 254]
Cover 25: [257, 292, 37, 295, 45, 462, 239, 151, 346, 219, 381, 126, 446]
Cover 26: [416, 387, 454, 392, 370, 472, 56, 441, 187, 157, 255]
Cover 27: [288, 65, 98, 228, 356, 329, 170, 463, 119, 153, 377, 283, 124, 92, 61, 383]
Cover 28: [128, 32, 357, 423, 235, 144, 274, 339, 468, 469, 405, 22, 218, 445, 286, 191]
Cover 29: [290, 358, 110, 349]
Cover 30: [97, 322, 451, 40, 72, 10, 427, 237, 46, 116, 470, 120, 344]
Cover 31: [75, 76, 335, 368, 435, 341, 127]
Cover 32: [352, 353, 201, 332, 16, 242, 275, 407]
Cover 33: [196, 331, 204, 433, 499, 182, 281, 190, 159]
Cover 34: [320, 33, 1, 2, 106, 333, 269, 15, 402, 212, 310, 440, 475, 478, 447]
Cover 35: [256, 265, 271, 400, 48, 50, 340, 215, 284]
Cover 36: [193, 386, 195, 73, 84, 183]
Cover 37: [417, 262, 422, 7, 455, 171, 491, 301, 241, 19, 152]
Cover 38: [226, 355, 68, 205, 365, 142, 401, 273, 308, 87, 58, 250, 442]
Cover 39: [448, 289, 321, 450, 391, 328, 303, 208, 467, 439]
Cover 40: [481, 101, 230, 136, 296, 268, 181, 245, 278, 150, 374, 184, 345, 155, 317, 253]
Cover 41: [162, 3, 293, 264, 461, 23, 410, 411, 220, 62]
Cover 42: [484, 38, 198, 138, 395, 114, 287]
Cover 43: [96, 261, 234, 109, 47, 209, 311]
Cover 44: [164, 425, 458, 426, 115, 436, 314]
Cover 45: [160, 36, 360, 474, 125, 222, 94]