Cover 1: [209, 34, 67, 227, 118, 135, 281, 254]
Cover 2: [131, 4, 54, 11, 93, 61]
Cover 3: [6, 215, 184, 185, 186, 75, 188, 284, 94, 30]
Cover 4: [84, 85, 167, 138, 170, 14]
Cover 5: [33, 129, 259, 262, 44, 28]
Cover 6: [144, 1, 87, 216, 153, 155, 204, 111]
Cover 7: [96, 121, 218, 12, 142]
Cover 8: [18, 274, 70, 199, 77, 205, 270]
Cover 9: [272, 273, 65, 258, 244, 150, 72, 9, 233, 221, 46, 63]
Cover 10: [39, 220, 124, 253, 15]
Cover 11: [256, 128, 98, 152, 265, 43, 79, 175]
Cover 12: [160, 81, 228, 263, 24, 73, 60, 13]
Cover 13: [113, 20, 69, 296, 235, 27, 78]
Cover 14: [194, 132, 197, 37, 230, 120, 234, 251]
Cover 15: [224, 49, 275, 58, 26, 173]
Cover 16: [99, 291, 229, 22, 103, 249, 76, 172, 190, 31]
Cover 17: [288, 192, 145, 35, 51, 19, 200, 62]
Cover 18: [16, 292, 119, 59, 236, 238, 158]
Cover 19: [3, 57, 108, 29, 110]
Cover 20: [48, 210, 100, 260, 293, 7, 40, 56, 169, 187]
Cover 21: [176, 161, 243, 151, 23, 217, 171, 174]
Cover 22: [64, 257, 246, 102, 104, 201, 298, 141, 45, 286, 206]
Cover 23: [208, 17, 279, 88, 267]
Cover 24: [66, 266, 285, 237, 255]
Cover 25: [147, 165, 166, 280, 239, 271]
Cover 26: [225, 193, 195, 134, 248, 264, 219, 126]
Cover 27: [101, 55, 91, 222]
Cover 28: [0, 146, 178, 117, 294, 231, 71, 232, 122]
Cover 29: [242, 115, 179, 52, 198, 295, 136, 156]
Cover 30: [36, 212, 90, 10, 250, 268, 95]
Cover 31: [82, 162, 196, 245, 252, 157]
Cover 32: [80, 241, 50, 181, 123, 207, 143]
Cover 33: [130, 290, 213, 105, 154, 140, 159, 223]
Cover 34: [116, 168, 8, 139, 299]
Cover 35: [114, 53, 41, 42, 287]
Cover 36: [32, 226, 68, 278, 38]
Cover 37: [21, 277, 137, 25, 92, 109]
Cover 38: [289, 2, 211, 5, 106, 282]
