Cover 1: [432, 594, 482, 565, 263, 331, 222, 462]
Cover 2: [81, 197, 150, 551, 87, 570, 411, 220]
Cover 3: [529, 3, 307, 212, 133, 488, 537, 413, 397, 494, 286]
Cover 4: [240, 401, 580, 517, 85, 455, 279, 120, 584, 395, 108]
Cover 5: [224, 385, 419, 70, 518, 456, 360, 458, 394, 426, 106, 270, 430, 334, 24, 250, 91, 348, 383]
Cover 6: [32, 427, 300, 175, 528, 309, 318, 94]
Cover 7: [514, 6, 142, 14, 593, 596, 280, 440, 57, 59, 510]
Cover 8: [321, 139, 116, 55, 439, 58]
Cover 9: [129, 547, 74, 43, 238, 47, 16, 346, 380, 575]
Cover 10: [192, 128, 101, 521, 42, 491, 468, 441, 89]
Cover 11: [512, 73, 489, 76, 204, 433, 341, 277, 310, 215, 312, 121, 539, 477]
Cover 12: [352, 165, 453, 391, 9, 299, 364, 375, 408, 345, 378]
Cover 13: [484, 132, 461, 336, 48, 17, 562, 340, 597, 182, 311, 567, 568, 443, 30]
Cover 14: [576, 520, 265, 146, 218, 253]
Cover 15: [545, 291, 266, 559, 144, 497, 306, 500, 308, 319]
Cover 16: [354, 418, 332, 557, 525, 110, 558, 403, 404, 26, 156]
Cover 17: [289, 579, 356, 486, 359, 585, 172, 114, 213, 119, 27, 476, 62]
Cover 18: [228, 36, 134, 553, 589, 464, 305, 241, 186, 123, 508, 60, 445]
Cover 19: [256, 387, 100, 37, 555, 465, 504, 31]
Cover 20: [261, 390, 296, 492, 429, 173, 275, 342, 28]
Cover 21: [64, 320, 206, 18, 54, 505, 155]
Cover 22: [550, 105, 372, 317, 574]
Cover 23: [578, 99, 68, 388, 271, 498, 276, 406, 22, 184]
Cover 24: [425, 363, 75, 524, 236, 269, 78, 242, 148, 409, 475, 158]
Cover 25: [193, 130, 454, 167, 171, 143, 371, 598, 410, 542]
Cover 26: [324, 229, 267, 496, 466, 531, 470, 343, 152, 191]
Cover 27: [194, 258, 260, 549, 421, 490, 138, 49, 51, 19, 532, 245]
Cover 28: [1, 420, 325, 358, 103, 590, 463, 82, 83, 149, 446, 255]
Cover 29: [417, 546, 131, 548, 422, 552, 298, 52, 90, 447]
Cover 30: [0, 581, 71, 200, 136, 168, 362, 174, 349, 126]
Cover 31: [96, 35, 357, 333, 400, 177, 338, 339, 535, 472, 221]
Cover 32: [416, 66, 483, 398, 111, 368, 274, 436, 246, 407, 382, 479]
Cover 33: [582, 326, 583, 104, 588, 45, 208, 435]
Cover 34: [293, 522, 526, 499, 180, 278, 379]
Cover 35: [225, 577, 33, 259, 8, 591, 473, 283, 347, 124]
Cover 36: [329, 107, 560, 369, 179, 534, 285]
Cover 37: [226, 235, 109, 399, 209]
Cover 38: [384, 292, 102, 328, 207, 211, 564, 281]
Cover 39: [290, 386, 451, 67, 39, 295, 201, 202, 77, 592, 115, 471, 569]
Cover 40: [98, 304, 437, 21, 86, 438, 248, 282, 287]
Cover 41: [2, 195, 396, 533, 217, 251, 444]
Cover 42: [544, 257, 97, 232, 72, 137, 459, 15, 147, 469, 314]
Cover 43: [135, 234, 237, 337, 243, 23, 478, 159]
Cover 44: [163, 392, 393, 428, 599, 376, 92, 540]
Cover 45: [166, 523, 44, 495, 335, 80, 377, 571]
Cover 46: [366, 501, 187, 572, 252, 190]
Cover 47: [450, 323, 196, 69, 493, 530, 53, 216]
Cover 48: [519, 264, 169, 586, 141, 239, 79, 113, 181, 344, 61, 350, 127]
Cover 49: [481, 34, 7, 330, 268, 595, 84, 214, 151, 247, 313, 188, 543]
Cover 50: [164, 198, 199, 424, 374, 502, 185, 254]
Cover 51: [353, 515, 485, 487, 556, 272, 273, 503, 442, 93, 125]
Cover 52: [65, 389, 230, 423, 11, 434, 122, 412, 223]
Cover 53: [513, 516, 5, 231, 233, 361, 587, 50, 29]
Cover 54: [294, 170, 365, 302, 154, 573]
Cover 55: [367, 20, 474, 507, 316, 541]
Cover 56: [457, 41, 554, 112, 210, 467, 506, 351, 511]
Cover 57: [449, 4, 460, 13, 303, 370, 563, 566, 536, 88, 219, 284, 157, 95]
Cover 58: [480, 160, 327, 301, 176, 402, 118, 153, 538, 414]
Cover 59: [448, 40, 297, 205, 46, 561, 244, 405, 25, 249, 415]
Cover 60: [288, 355, 431, 178, 183, 315, 509]
Cover 61: [162, 452, 10, 12, 527, 63]
Cover 62: [322, 227, 56, 381]
